该模组的作者选择不包含模组源代码。
文件:
GregTechCEuTerrariazhcn.dll
You can find this mod's .dll files under C:\Users\18409\Documents\My Games\Terraria\tModLoader\ModSources\ModAssemblies for easy mod collaboration!
GregTechCEuTerrariazhcn.pdb
build.txt
changelog.txt
description_workshop.txt
description.txt
Properties/launchSettings.json
icon.png
en-US.hjson
Localization/en-US/Mods.GregTechCEuTerraria.BossDrops.hjson
Localization/en-US/Mods.GregTechCEuTerraria.gui.hjson
Localization/en-US/Mods.GregTechCEuTerraria.Configs.hjson
zh-Hans.hjson
Localization/en-US/Mods.GregTechCEuTerraria.recipe.hjson
Localization/en-US/Mods.GregTechCEuTerraria.RecipeTypeName.hjson
Localization/en-US/Mods.GregTechCEuTerraria.recipe_logic.hjson
Localization/en-US/Mods.GregTechCEuTerraria.RecipeStatus.hjson
Localization/zh-Hans/Mods.GregTechCEuTerraria.Configs.hjson
icon_small.png
Localization/en-US/Mods.GregTechCEuTerraria.Materials.hjson
Localization/zh-Hans/Mods.GregTechCEuTerraria.gui.hjson
Localization/en-US/Mods.GregTechCEuTerraria.multiblock.hjson
Localization/en-US/Mods.GregTechCEuTerraria.MachineTooltip.hjson
Localization/zh-Hans/Mods.GregTechCEuTerraria.recipe.hjson
Localization/zh-Hans/Mods.GregTechCEuTerraria.RecipeTypeName.hjson
Localization/zh-Hans/Mods.GregTechCEuTerraria.RecipeStatus.hjson
Localization/zh-Hans/Mods.GregTechCEuTerraria.recipe_logic.hjson
Localization/zh-Hans/Mods.GregTechCEuTerraria.Materials.hjson
Localization/zh-Hans/Mods.GregTechCEuTerraria.multiblock.hjson
Localization/en-US/Mods.GregTechCEuTerraria.Tiles.hjson
Localization/zh-Hans/Mods.GregTechCEuTerraria.BossDrops.hjson
Localization/zh-Hans/Mods.GregTechCEuTerraria.Tiles.hjson
icon_workshop.png
Localization/zh-Hans/Mods.GregTechCEuTerraria.Items.hjson
Localization/zh-Hans/Mods.GregTechCEuTerraria.MachineTooltip.hjson
Localization/en-US/Mods.GregTechCEuTerraria.Items.hjson
